c:\users\37525\onedrive\рабочий стол\ris_lab1\lab1\ris_1\serveru\serveru\debug\serveru.pch
c:\users\37525\onedrive\рабочий стол\ris_lab1\lab1\ris_1\serveru\serveru\debug\vc142.pdb
c:\users\37525\onedrive\рабочий стол\ris_lab1\lab1\ris_1\serveru\serveru\debug\vc142.idb
c:\users\37525\onedrive\рабочий стол\ris_lab1\lab1\ris_1\serveru\serveru\debug\stdafx.obj
c:\users\37525\onedrive\рабочий стол\ris_lab1\lab1\ris_1\serveru\serveru\debug\serveru.obj
c:\users\37525\onedrive\рабочий стол\ris_lab1\lab1\ris_1\serveru\debug\serveru.exe
c:\users\37525\onedrive\рабочий стол\ris_lab1\lab1\ris_1\serveru\serveru\debug\serveru.ilk
c:\users\37525\onedrive\рабочий стол\ris_lab1\lab1\ris_1\serveru\debug\serveru.pdb
e:\lerka\2 sem\ris\labs\ris_lab1\lab1\ris_1\serveru\serveru\debug\serveru.obj
e:\lerka\2 sem\ris\labs\ris_lab1\lab1\ris_1\serveru\serveru\debug\stdafx.obj
e:\lerka\2 sem\ris\labs\ris_lab1\lab1\ris_1\serveru\serveru\debug\serveru.ilk
e:\lerka\2 sem\ris\labs\ris_lab1\lab1\ris_1\serveru\serveru\debug\serveru.pch
e:\lerka\2 sem\ris\labs\ris_lab1\lab1\ris_1\serveru\serveru\debug\vc142.idb
e:\lerka\2 sem\ris\labs\ris_lab1\lab1\ris_1\serveru\serveru\debug\vc142.pdb
e:\lerka\2 sem\ris\labs\ris_lab1\lab1\ris_1\serveru\debug\serveru.pdb
e:\lerka\2 sem\ris\labs\ris_lab1\lab1\ris_1\serveru\debug\serveru.exe
e:\lerka\2 sem\ris\labs\ris_lab1\lab1\ris_1\serveru\serveru\debug\serveru.tlog\cl.command.1.tlog
e:\lerka\2 sem\ris\labs\ris_lab1\lab1\ris_1\serveru\serveru\debug\serveru.tlog\cl.read.1.tlog
e:\lerka\2 sem\ris\labs\ris_lab1\lab1\ris_1\serveru\serveru\debug\serveru.tlog\cl.write.1.tlog
e:\lerka\2 sem\ris\labs\ris_lab1\lab1\ris_1\serveru\serveru\debug\serveru.tlog\link.command.1.tlog
e:\lerka\2 sem\ris\labs\ris_lab1\lab1\ris_1\serveru\serveru\debug\serveru.tlog\link.read.1.tlog
e:\lerka\2 sem\ris\labs\ris_lab1\lab1\ris_1\serveru\serveru\debug\serveru.tlog\link.write.1.tlog
